<?xml version="1.0" encoding="UTF-8"?>
<testsuite xmlns:xsi="http://www.w3.org/2001/XMLSchema-instance" xsi:noNamespaceSchemaLocation="https://maven.apache.org/surefire/maven-surefire-plugin/xsd/surefire-test-report-3.0.xsd" version="3.0" name="org.acme.nqueens.AppTest" time="0.021" tests="1" errors="0" skipped="0" failures="0">
  <properties>
    <property name="java.specification.version" value="21"/>
    <property name="sun.jnu.encoding" value="UTF-8"/>
    <property name="java.class.path" value="/home/deneb/Projects/OptaplannerSamples/NQueens/target/test-classes:/home/deneb/Projects/OptaplannerSamples/NQueens/target/classes:/home/deneb/.m2/repository/org/optaplanner/optaplanner-core/8.23.0.Final/optaplanner-core-8.23.0.Final.jar:/home/deneb/.m2/repository/org/optaplanner/optaplanner-core-impl/8.23.0.Final/optaplanner-core-impl-8.23.0.Final.jar:/home/deneb/.m2/repository/org/apache/commons/commons-math3/3.6.1/commons-math3-3.6.1.jar:/home/deneb/.m2/repository/org/slf4j/slf4j-api/1.7.36/slf4j-api-1.7.36.jar:/home/deneb/.m2/repository/io/micrometer/micrometer-core/1.9.0/micrometer-core-1.9.0.jar:/home/deneb/.m2/repository/org/hdrhistogram/HdrHistogram/2.1.12/HdrHistogram-2.1.12.jar:/home/deneb/.m2/repository/org/latencyutils/LatencyUtils/2.0.3/LatencyUtils-2.0.3.jar:/home/deneb/.m2/repository/jakarta/xml/bind/jakarta.xml.bind-api/2.3.3/jakarta.xml.bind-api-2.3.3.jar:/home/deneb/.m2/repository/jakarta/activation/jakarta.activation-api/1.2.2/jakarta.activation-api-1.2.2.jar:/home/deneb/.m2/repository/org/glassfish/jaxb/jaxb-runtime/2.3.3-b02/jaxb-runtime-2.3.3-b02.jar:/home/deneb/.m2/repository/org/glassfish/jaxb/txw2/2.3.3-b02/txw2-2.3.3-b02.jar:/home/deneb/.m2/repository/com/sun/istack/istack-commons-runtime/3.0.10/istack-commons-runtime-3.0.10.jar:/home/deneb/.m2/repository/com/sun/activation/jakarta.activation/1.2.1/jakarta.activation-1.2.1.jar:/home/deneb/.m2/repository/org/optaplanner/optaplanner-constraint-streams-drools/8.23.0.Final/optaplanner-constraint-streams-drools-8.23.0.Final.jar:/home/deneb/.m2/repository/org/drools/drools-engine/8.23.0.Beta/drools-engine-8.23.0.Beta.jar:/home/deneb/.m2/repository/org/kie/kie-api/8.23.0.Beta/kie-api-8.23.0.Beta.jar:/home/deneb/.m2/repository/org/kie/kie-internal/8.23.0.Beta/kie-internal-8.23.0.Beta.jar:/home/deneb/.m2/repository/org/drools/drools-core/8.23.0.Beta/drools-core-8.23.0.Beta.jar:/home/deneb/.m2/repository/org/kie/kie-util-xml/8.23.0.Beta/kie-util-xml-8.23.0.Beta.jar:/home/deneb/.m2/repository/org/drools/drools-wiring-api/8.23.0.Beta/drools-wiring-api-8.23.0.Beta.jar:/home/deneb/.m2/repository/org/drools/drools-wiring-static/8.23.0.Beta/drools-wiring-static-8.23.0.Beta.jar:/home/deneb/.m2/repository/org/drools/drools-util/8.23.0.Beta/drools-util-8.23.0.Beta.jar:/home/deneb/.m2/repository/commons-codec/commons-codec/1.15/commons-codec-1.15.jar:/home/deneb/.m2/repository/org/drools/drools-wiring-dynamic/8.23.0.Beta/drools-wiring-dynamic-8.23.0.Beta.jar:/home/deneb/.m2/repository/org/drools/drools-kiesession/8.23.0.Beta/drools-kiesession-8.23.0.Beta.jar:/home/deneb/.m2/repository/org/drools/drools-tms/8.23.0.Beta/drools-tms-8.23.0.Beta.jar:/home/deneb/.m2/repository/org/drools/drools-compiler/8.23.0.Beta/drools-compiler-8.23.0.Beta.jar:/home/deneb/.m2/repository/org/drools/drools-drl-parser/8.23.0.Beta/drools-drl-parser-8.23.0.Beta.jar:/home/deneb/.m2/repository/org/drools/drools-drl-extensions/8.23.0.Beta/drools-drl-extensions-8.23.0.Beta.jar:/home/deneb/.m2/repository/org/drools/drools-drl-ast/8.23.0.Beta/drools-drl-ast-8.23.0.Beta.jar:/home/deneb/.m2/repository/org/kie/kie-memory-compiler/8.23.0.Beta/kie-memory-compiler-8.23.0.Beta.jar:/home/deneb/.m2/repository/org/drools/drools-ecj/8.23.0.Beta/drools-ecj-8.23.0.Beta.jar:/home/deneb/.m2/repository/org/kie/kie-util-maven-support/8.23.0.Beta/kie-util-maven-support-8.23.0.Beta.jar:/home/deneb/.m2/repository/org/antlr/antlr-runtime/3.5.2/antlr-runtime-3.5.2.jar:/home/deneb/.m2/repository/org/drools/drools-model-compiler/8.23.0.Beta/drools-model-compiler-8.23.0.Beta.jar:/home/deneb/.m2/repository/org/drools/drools-canonical-model/8.23.0.Beta/drools-canonical-model-8.23.0.Beta.jar:/home/deneb/.m2/repository/com/github/javaparser/javaparser-core/3.23.1/javaparser-core-3.23.1.jar:/home/deneb/.m2/repository/org/drools/drools-mvel-parser/8.23.0.Beta/drools-mvel-parser-8.23.0.Beta.jar:/home/deneb/.m2/repository/org/drools/drools-mvel-compiler/8.23.0.Beta/drools-mvel-compiler-8.23.0.Beta.jar:/home/deneb/.m2/repository/org/drools/drools-alphanetwork-compiler/8.23.0.Beta/drools-alphanetwork-compiler-8.23.0.Beta.jar:/home/deneb/.m2/repository/org/optaplanner/optaplanner-constraint-drl/8.23.0.Final/optaplanner-constraint-drl-8.23.0.Final.jar:/home/deneb/.m2/repository/org/optaplanner/optaplanner-constraint-streams-bavet/8.23.0.Final/optaplanner-constraint-streams-bavet-8.23.0.Final.jar:/home/deneb/.m2/repository/org/optaplanner/optaplanner-constraint-streams-common/8.23.0.Final/optaplanner-constraint-streams-common-8.23.0.Final.jar:/home/deneb/.m2/repository/org/junit/jupiter/junit-jupiter/5.8.2/junit-jupiter-5.8.2.jar:/home/deneb/.m2/repository/org/junit/jupiter/junit-jupiter-api/5.8.2/junit-jupiter-api-5.8.2.jar:/home/deneb/.m2/repository/org/opentest4j/opentest4j/1.2.0/opentest4j-1.2.0.jar:/home/deneb/.m2/repository/org/junit/platform/junit-platform-commons/1.8.2/junit-platform-commons-1.8.2.jar:/home/deneb/.m2/repository/org/apiguardian/apiguardian-api/1.1.2/apiguardian-api-1.1.2.jar:/home/deneb/.m2/repository/org/junit/jupiter/junit-jupiter-params/5.8.2/junit-jupiter-params-5.8.2.jar:/home/deneb/.m2/repository/org/junit/jupiter/junit-jupiter-engine/5.8.2/junit-jupiter-engine-5.8.2.jar:/home/deneb/.m2/repository/org/junit/platform/junit-platform-engine/1.8.2/junit-platform-engine-1.8.2.jar:"/>
    <property name="java.vm.vendor" value="Arch Linux"/>
    <property name="sun.arch.data.model" value="64"/>
    <property name="java.vendor.url" value="https://openjdk.org/"/>
    <property name="os.name" value="Linux"/>
    <property name="java.vm.specification.version" value="21"/>
    <property name="sun.java.launcher" value="SUN_STANDARD"/>
    <property name="user.country" value="ES"/>
    <property name="sun.boot.library.path" value="/usr/lib/jvm/java-21-openjdk/lib"/>
    <property name="sun.java.command" value="/home/deneb/Projects/OptaplannerSamples/NQueens/target/surefire/surefirebooter-20250716123001137_3.jar /home/deneb/Projects/OptaplannerSamples/NQueens/target/surefire 2025-07-16T12-29-57_522-jvmRun1 surefire-20250716123001137_1tmp surefire_0-20250716123001137_2tmp"/>
    <property name="jdk.debug" value="release"/>
    <property name="surefire.test.class.path" value="/home/deneb/Projects/OptaplannerSamples/NQueens/target/test-classes:/home/deneb/Projects/OptaplannerSamples/NQueens/target/classes:/home/deneb/.m2/repository/org/optaplanner/optaplanner-core/8.23.0.Final/optaplanner-core-8.23.0.Final.jar:/home/deneb/.m2/repository/org/optaplanner/optaplanner-core-impl/8.23.0.Final/optaplanner-core-impl-8.23.0.Final.jar:/home/deneb/.m2/repository/org/apache/commons/commons-math3/3.6.1/commons-math3-3.6.1.jar:/home/deneb/.m2/repository/org/slf4j/slf4j-api/1.7.36/slf4j-api-1.7.36.jar:/home/deneb/.m2/repository/io/micrometer/micrometer-core/1.9.0/micrometer-core-1.9.0.jar:/home/deneb/.m2/repository/org/hdrhistogram/HdrHistogram/2.1.12/HdrHistogram-2.1.12.jar:/home/deneb/.m2/repository/org/latencyutils/LatencyUtils/2.0.3/LatencyUtils-2.0.3.jar:/home/deneb/.m2/repository/jakarta/xml/bind/jakarta.xml.bind-api/2.3.3/jakarta.xml.bind-api-2.3.3.jar:/home/deneb/.m2/repository/jakarta/activation/jakarta.activation-api/1.2.2/jakarta.activation-api-1.2.2.jar:/home/deneb/.m2/repository/org/glassfish/jaxb/jaxb-runtime/2.3.3-b02/jaxb-runtime-2.3.3-b02.jar:/home/deneb/.m2/repository/org/glassfish/jaxb/txw2/2.3.3-b02/txw2-2.3.3-b02.jar:/home/deneb/.m2/repository/com/sun/istack/istack-commons-runtime/3.0.10/istack-commons-runtime-3.0.10.jar:/home/deneb/.m2/repository/com/sun/activation/jakarta.activation/1.2.1/jakarta.activation-1.2.1.jar:/home/deneb/.m2/repository/org/optaplanner/optaplanner-constraint-streams-drools/8.23.0.Final/optaplanner-constraint-streams-drools-8.23.0.Final.jar:/home/deneb/.m2/repository/org/drools/drools-engine/8.23.0.Beta/drools-engine-8.23.0.Beta.jar:/home/deneb/.m2/repository/org/kie/kie-api/8.23.0.Beta/kie-api-8.23.0.Beta.jar:/home/deneb/.m2/repository/org/kie/kie-internal/8.23.0.Beta/kie-internal-8.23.0.Beta.jar:/home/deneb/.m2/repository/org/drools/drools-core/8.23.0.Beta/drools-core-8.23.0.Beta.jar:/home/deneb/.m2/repository/org/kie/kie-util-xml/8.23.0.Beta/kie-util-xml-8.23.0.Beta.jar:/home/deneb/.m2/repository/org/drools/drools-wiring-api/8.23.0.Beta/drools-wiring-api-8.23.0.Beta.jar:/home/deneb/.m2/repository/org/drools/drools-wiring-static/8.23.0.Beta/drools-wiring-static-8.23.0.Beta.jar:/home/deneb/.m2/repository/org/drools/drools-util/8.23.0.Beta/drools-util-8.23.0.Beta.jar:/home/deneb/.m2/repository/commons-codec/commons-codec/1.15/commons-codec-1.15.jar:/home/deneb/.m2/repository/org/drools/drools-wiring-dynamic/8.23.0.Beta/drools-wiring-dynamic-8.23.0.Beta.jar:/home/deneb/.m2/repository/org/drools/drools-kiesession/8.23.0.Beta/drools-kiesession-8.23.0.Beta.jar:/home/deneb/.m2/repository/org/drools/drools-tms/8.23.0.Beta/drools-tms-8.23.0.Beta.jar:/home/deneb/.m2/repository/org/drools/drools-compiler/8.23.0.Beta/drools-compiler-8.23.0.Beta.jar:/home/deneb/.m2/repository/org/drools/drools-drl-parser/8.23.0.Beta/drools-drl-parser-8.23.0.Beta.jar:/home/deneb/.m2/repository/org/drools/drools-drl-extensions/8.23.0.Beta/drools-drl-extensions-8.23.0.Beta.jar:/home/deneb/.m2/repository/org/drools/drools-drl-ast/8.23.0.Beta/drools-drl-ast-8.23.0.Beta.jar:/home/deneb/.m2/repository/org/kie/kie-memory-compiler/8.23.0.Beta/kie-memory-compiler-8.23.0.Beta.jar:/home/deneb/.m2/repository/org/drools/drools-ecj/8.23.0.Beta/drools-ecj-8.23.0.Beta.jar:/home/deneb/.m2/repository/org/kie/kie-util-maven-support/8.23.0.Beta/kie-util-maven-support-8.23.0.Beta.jar:/home/deneb/.m2/repository/org/antlr/antlr-runtime/3.5.2/antlr-runtime-3.5.2.jar:/home/deneb/.m2/repository/org/drools/drools-model-compiler/8.23.0.Beta/drools-model-compiler-8.23.0.Beta.jar:/home/deneb/.m2/repository/org/drools/drools-canonical-model/8.23.0.Beta/drools-canonical-model-8.23.0.Beta.jar:/home/deneb/.m2/repository/com/github/javaparser/javaparser-core/3.23.1/javaparser-core-3.23.1.jar:/home/deneb/.m2/repository/org/drools/drools-mvel-parser/8.23.0.Beta/drools-mvel-parser-8.23.0.Beta.jar:/home/deneb/.m2/repository/org/drools/drools-mvel-compiler/8.23.0.Beta/drools-mvel-compiler-8.23.0.Beta.jar:/home/deneb/.m2/repository/org/drools/drools-alphanetwork-compiler/8.23.0.Beta/drools-alphanetwork-compiler-8.23.0.Beta.jar:/home/deneb/.m2/repository/org/optaplanner/optaplanner-constraint-drl/8.23.0.Final/optaplanner-constraint-drl-8.23.0.Final.jar:/home/deneb/.m2/repository/org/optaplanner/optaplanner-constraint-streams-bavet/8.23.0.Final/optaplanner-constraint-streams-bavet-8.23.0.Final.jar:/home/deneb/.m2/repository/org/optaplanner/optaplanner-constraint-streams-common/8.23.0.Final/optaplanner-constraint-streams-common-8.23.0.Final.jar:/home/deneb/.m2/repository/org/junit/jupiter/junit-jupiter/5.8.2/junit-jupiter-5.8.2.jar:/home/deneb/.m2/repository/org/junit/jupiter/junit-jupiter-api/5.8.2/junit-jupiter-api-5.8.2.jar:/home/deneb/.m2/repository/org/opentest4j/opentest4j/1.2.0/opentest4j-1.2.0.jar:/home/deneb/.m2/repository/org/junit/platform/junit-platform-commons/1.8.2/junit-platform-commons-1.8.2.jar:/home/deneb/.m2/repository/org/apiguardian/apiguardian-api/1.1.2/apiguardian-api-1.1.2.jar:/home/deneb/.m2/repository/org/junit/jupiter/junit-jupiter-params/5.8.2/junit-jupiter-params-5.8.2.jar:/home/deneb/.m2/repository/org/junit/jupiter/junit-jupiter-engine/5.8.2/junit-jupiter-engine-5.8.2.jar:/home/deneb/.m2/repository/org/junit/platform/junit-platform-engine/1.8.2/junit-platform-engine-1.8.2.jar:"/>
    <property name="sun.cpu.endian" value="little"/>
    <property name="user.home" value="/home/deneb"/>
    <property name="user.language" value="ca"/>
    <property name="java.specification.vendor" value="Oracle Corporation"/>
    <property name="java.version.date" value="2025-01-21"/>
    <property name="java.home" value="/usr/lib/jvm/java-21-openjdk"/>
    <property name="file.separator" value="/"/>
    <property name="basedir" value="/home/deneb/Projects/OptaplannerSamples/NQueens"/>
    <property name="java.vm.compressedOopsMode" value="Zero based"/>
    <property name="line.separator" value="&#10;"/>
    <property name="java.specification.name" value="Java Platform API Specification"/>
    <property name="java.vm.specification.vendor" value="Oracle Corporation"/>
    <property name="surefire.real.class.path" value="/home/deneb/Projects/OptaplannerSamples/NQueens/target/surefire/surefirebooter-20250716123001137_3.jar"/>
    <property name="sun.management.compiler" value="HotSpot 64-Bit Tiered Compilers"/>
    <property name="java.runtime.version" value="21.0.6+7"/>
    <property name="user.name" value="deneb"/>
    <property name="stdout.encoding" value="UTF-8"/>
    <property name="path.separator" value=":"/>
    <property name="os.version" value="6.13.1-arch2-1"/>
    <property name="java.runtime.name" value="OpenJDK Runtime Environment"/>
    <property name="file.encoding" value="UTF-8"/>
    <property name="java.vm.name" value="OpenJDK 64-Bit Server VM"/>
    <property name="localRepository" value="/home/deneb/.m2/repository"/>
    <property name="java.vendor.url.bug" value="https://bugreport.java.com/bugreport/"/>
    <property name="java.io.tmpdir" value="/tmp"/>
    <property name="java.version" value="21.0.6"/>
    <property name="user.dir" value="/home/deneb/Projects/OptaplannerSamples/NQueens"/>
    <property name="os.arch" value="amd64"/>
    <property name="java.vm.specification.name" value="Java Virtual Machine Specification"/>
    <property name="native.encoding" value="UTF-8"/>
    <property name="java.library.path" value="/opt/cursor/squashfs-root/usr/lib/:/opt/cursor/squashfs-root/usr/lib32/:/opt/cursor/squashfs-root/usr/lib64/:/opt/cursor/squashfs-root/lib/:/opt/cursor/squashfs-root/lib/i386-linux-gnu/:/opt/cursor/squashfs-root/lib/x86_64-linux-gnu/:/opt/cursor/squashfs-root/lib/aarch64-linux-gnu/:/opt/cursor/squashfs-root/lib32/:/opt/cursor/squashfs-root/lib64/::/usr/java/packages/lib:/usr/lib64:/lib64:/lib:/usr/lib"/>
    <property name="java.vm.info" value="mixed mode, sharing"/>
    <property name="stderr.encoding" value="UTF-8"/>
    <property name="java.vendor" value="Arch Linux"/>
    <property name="java.vm.version" value="21.0.6+7"/>
    <property name="sun.io.unicode.encoding" value="UnicodeLittle"/>
    <property name="java.class.version" value="65.0"/>
  </properties>
  <testcase name="testApp" classname="org.acme.nqueens.AppTest" time="0.013"/>
</testsuite>